# JRE version: Java(TM) SE Runtime Environment (8.0_101-b13) (build 1.8.0_101-b13)
# Java VM: Java HotSpot(TM) 64-Bit Server VM (25.101-b13 mixed mode windows-amd64 compressed oops)
Heap:
 PSYoungGen      total 67584K, used 53760K [0x00000000d5d00000, 0x00000000dc280000, 0x0000000100000000)
  eden space 53760K, 100% used [0x00000000d5d00000,0x00000000d9180000,0x00000000d9180000)
  from space 13824K, 0% used [0x00000000d9f00000,0x00000000d9f00000,0x00000000dac80000)
  to   space 13824K, 0% used [0x00000000d9180000,0x00000000d9180000,0x00000000d9f00000)
 ParOldGen       total 93184K, used 20957K [0x0000000081600000, 0x0000000087100000, 0x00000000d5d00000)
  object space 93184K, 22% used [0x0000000081600000,0x0000000082a77450,0x0000000087100000)
 Metaspace       used 45771K, capacity 47456K, committed 47616K, reserved 1091584K
  class space    used 6010K, capacity 6331K, committed 6400K, reserved 1048576K
GC Heap History (10 events):
Event: 3.219 GC heap before
{Heap before GC invocations=4 (full 1):
 PSYoungGen      total 38400K, used 33280K [0x00000000d5d00000, 0x00000000da800000, 0x0000000100000000)
  eden space 33280K, 100% used [0x00000000d5d00000,0x00000000d7d80000,0x00000000d7d80000)
  from space 5120K, 0% used [0x00000000d8280000,0x00000000d8280000,0x00000000d8780000)
  to   space 5120K, 0% used [0x00000000d7d80000,0x00000000d7d80000,0x00000000d8280000)
 ParOldGen       total 66560K, used 7210K [0x0000000081600000, 0x0000000085700000, 0x00000000d5d00000)
  object space 66560K, 10% used [0x0000000081600000,0x0000000081d0a968,0x0000000085700000)
 Metaspace       used 24471K, capacity 25850K, committed 25984K, reserved 1071104K
  class space    used 3357K, capacity 3638K, committed 3712K, reserved 1048576K
Event: 3.233 GC heap after
Heap after GC invocations=4 (full 1):
 PSYoungGen      total 38400K, used 4708K [0x00000000d5d00000, 0x00000000d9080000, 0x0000000100000000)
  eden space 33280K, 0% used [0x00000000d5d00000,0x00000000d5d00000,0x00000000d7d80000)
  from space 5120K, 91% used [0x00000000d7d80000,0x00000000d8219218,0x00000000d8280000)
  to   space 5120K, 0% used [0x00000000d8b80000,0x00000000d8b80000,0x00000000d9080000)
 ParOldGen       total 66560K, used 9578K [0x0000000081600000, 0x0000000085700000, 0x00000000d5d00000)
  object space 66560K, 14% used [0x0000000081600000,0x0000000081f5a988,0x0000000085700000)
 Metaspace       used 24471K, capacity 25850K, committed 25984K, reserved 1071104K
  class space    used 3357K, capacity 3638K, committed 3712K, reserved 1048576K
}
Event: 26.963 GC heap before
{Heap before GC invocations=5 (full 1):
 PSYoungGen      total 38400K, used 37988K [0x00000000d5d00000, 0x00000000d9080000, 0x0000000100000000)
  eden space 33280K, 100% used [0x00000000d5d00000,0x00000000d7d80000,0x00000000d7d80000)
  from space 5120K, 91% used [0x00000000d7d80000,0x00000000d8219218,0x00000000d8280000)
  to   space 5120K, 0% used [0x00000000d8b80000,0x00000000d8b80000,0x00000000d9080000)
 ParOldGen       total 66560K, used 9578K [0x0000000081600000, 0x0000000085700000, 0x00000000d5d00000)
  object space 66560K, 14% used [0x0000000081600000,0x0000000081f5a988,0x0000000085700000)
 Metaspace       used 29617K, capacity 31190K, committed 31360K, reserved 1077248K
  class space    used 4056K, capacity 4354K, committed 4480K, reserved 1048576K
Event: 26.971 GC heap after
Heap after GC invocations=5 (full 1):
 PSYoungGen      total 46080K, used 5088K [0x00000000d5d00000, 0x00000000d9080000, 0x0000000100000000)
  eden space 40960K, 0% used [0x00000000d5d00000,0x00000000d5d00000,0x00000000d8500000)
  from space 5120K, 99% used [0x00000000d8b80000,0x00000000d9078040,0x00000000d9080000)
  to   space 5120K, 0% used [0x00000000d8680000,0x00000000d8680000,0x00000000d8b80000)
 ParOldGen       total 66560K, used 18527K [0x0000000081600000, 0x0000000085700000, 0x00000000d5d00000)
  object space 66560K, 27% used [0x0000000081600000,0x0000000082817e50,0x0000000085700000)
 Metaspace       used 29617K, capacity 31190K, committed 31360K, reserved 1077248K
  class space    used 4056K, capacity 4354K, committed 4480K, reserved 1048576K
}
Event: 27.315 GC heap before
{Heap before GC invocations=6 (full 1):
 PSYoungGen      total 46080K, used 46048K [0x00000000d5d00000, 0x00000000d9080000, 0x0000000100000000)
  eden space 40960K, 100% used [0x00000000d5d00000,0x00000000d8500000,0x00000000d8500000)
  from space 5120K, 99% used [0x00000000d8b80000,0x00000000d9078040,0x00000000d9080000)
  to   space 5120K, 0% used [0x00000000d8680000,0x00000000d8680000,0x00000000d8b80000)
 ParOldGen       total 66560K, used 18527K [0x0000000081600000, 0x0000000085700000, 0x00000000d5d00000)
  object space 66560K, 27% used [0x0000000081600000,0x0000000082817e50,0x0000000085700000)
 Metaspace       used 33617K, capacity 35106K, committed 35328K, reserved 1079296K
  class space    used 4523K, capacity 4804K, committed 4864K, reserved 1048576K
Event: 27.323 GC heap after
Heap after GC invocations=6 (full 1):
 PSYoungGen      total 47616K, used 5088K [0x00000000d5d00000, 0x00000000dac80000, 0x0000000100000000)
  eden space 42496K, 0% used [0x00000000d5d00000,0x00000000d5d00000,0x00000000d8680000)
  from space 5120K, 99% used [0x00000000d8680000,0x00000000d8b78040,0x00000000d8b80000)
  to   space 13824K, 0% used [0x00000000d9f00000,0x00000000d9f00000,0x00000000dac80000)
 ParOldGen       total 66560K, used 22843K [0x0000000081600000, 0x0000000085700000, 0x00000000d5d00000)
  object space 66560K, 34% used [0x0000000081600000,0x0000000082c4ec98,0x0000000085700000)
 Metaspace       used 33617K, capacity 35106K, committed 35328K, reserved 1079296K
  class space    used 4523K, capacity 4804K, committed 4864K, reserved 1048576K
}
Event: 27.331 GC heap before
{Heap before GC invocations=7 (full 1):
 PSYoungGen      total 47616K, used 5987K [0x00000000d5d00000, 0x00000000dac80000, 0x0000000100000000)
  eden space 42496K, 2% used [0x00000000d5d00000,0x00000000d5de0d80,0x00000000d8680000)
  from space 5120K, 99% used [0x00000000d8680000,0x00000000d8b78040,0x00000000d8b80000)
  to   space 13824K, 0% used [0x00000000d9f00000,0x00000000d9f00000,0x00000000dac80000)
 ParOldGen       total 66560K, used 22843K [0x0000000081600000, 0x0000000085700000, 0x00000000d5d00000)
  object space 66560K, 34% used [0x0000000081600000,0x0000000082c4ec98,0x0000000085700000)
 Metaspace       used 33880K, capacity 35330K, committed 35416K, reserved 1079296K
  class space    used 4547K, capacity 4836K, committed 4864K, reserved 1048576K
Event: 27.335 GC heap after
Heap after GC invocations=7 (full 1):
 PSYoungGen      total 67584K, used 5474K [0x00000000d5d00000, 0x00000000dc280000, 0x0000000100000000)
  eden space 53760K, 0% used [0x00000000d5d00000,0x00000000d5d00000,0x00000000d9180000)
  from space 13824K, 39% used [0x00000000d9f00000,0x00000000da458b88,0x00000000dac80000)
  to   space 13824K, 0% used [0x00000000d9180000,0x00000000d9180000,0x00000000d9f00000)
 ParOldGen       total 66560K, used 22843K [0x0000000081600000, 0x0000000085700000, 0x00000000d5d00000)
  object space 66560K, 34% used [0x0000000081600000,0x0000000082c4ec98,0x0000000085700000)
 Metaspace       used 33880K, capacity 35330K, committed 35416K, reserved 1079296K
  class space    used 4547K, capacity 4836K, committed 4864K, reserved 1048576K
}
Event: 27.336 GC heap before
{Heap before GC invocations=8 (full 2):
 PSYoungGen      total 67584K, used 5474K [0x00000000d5d00000, 0x00000000dc280000, 0x0000000100000000)
  eden space 53760K, 0% used [0x00000000d5d00000,0x00000000d5d00000,0x00000000d9180000)
  from space 13824K, 39% used [0x00000000d9f00000,0x00000000da458b88,0x00000000dac80000)
  to   space 13824K, 0% used [0x00000000d9180000,0x00000000d9180000,0x00000000d9f00000)
 ParOldGen       total 66560K, used 22843K [0x0000000081600000, 0x0000000085700000, 0x00000000d5d00000)
  object space 66560K, 34% used [0x0000000081600000,0x0000000082c4ec98,0x0000000085700000)
 Metaspace       used 33880K, capacity 35330K, committed 35416K, reserved 1079296K
  class space    used 4547K, capacity 4836K, committed 4864K, reserved 1048576K
Event: 27.395 GC heap after
Heap after GC invocations=8 (full 2):
 PSYoungGen      total 67584K, used 0K [0x00000000d5d00000, 0x00000000dc280000, 0x0000000100000000)
  eden space 53760K, 0% used [0x00000000d5d00000,0x00000000d5d00000,0x00000000d9180000)
  from space 13824K, 0% used [0x00000000d9f00000,0x00000000d9f00000,0x00000000dac80000)
  to   space 13824K, 0% used [0x00000000d9180000,0x00000000d9180000,0x00000000d9f00000)
 ParOldGen       total 93184K, used 20957K [0x0000000081600000, 0x0000000087100000, 0x00000000d5d00000)
  object space 93184K, 22% used [0x0000000081600000,0x0000000082a77450,0x0000000087100000)
 Metaspace       used 33880K, capacity 35330K, committed 35416K, reserved 1079296K
  class space    used 4547K, capacity 4836K, committed 4864K, reserved 1048576K
}

