# JRE version: Java(TM) SE Runtime Environment (8.0_101-b13) (build 1.8.0_101-b13)
# Java VM: Java HotSpot(TM) 64-Bit Server VM (25.101-b13 mixed mode windows-amd64 compressed oops)
Heap:
 PSYoungGen      total 39424K, used 0K [0x00000000d5d00000, 0x00000000d8800000, 0x0000000100000000)
  eden space 34816K, 0% used [0x00000000d5d00000,0x00000000d5d00000,0x00000000d7f00000)
  from space 4608K, 0% used [0x00000000d8380000,0x00000000d8380000,0x00000000d8800000)
  to   space 4608K, 0% used [0x00000000d7f00000,0x00000000d7f00000,0x00000000d8380000)
 ParOldGen       total 63488K, used 5375K [0x0000000081600000, 0x0000000085400000, 0x00000000d5d00000)
  object space 63488K, 8% used [0x0000000081600000,0x0000000081b3fd58,0x0000000085400000)
 Metaspace       used 17267K, capacity 17720K, committed 17792K, reserved 1071104K
  class space    used 2216K, capacity 2379K, committed 2432K, reserved 1048576K
GC Heap History (10 events):
Event: 1.099 GC heap after
Heap after GC invocations=9 (full 4):
 PSYoungGen      total 38400K, used 96K [0x00000000d5d00000, 0x00000000d8780000, 0x0000000100000000)
  eden space 33280K, 0% used [0x00000000d5d00000,0x00000000d5d00000,0x00000000d7d80000)
  from space 5120K, 1% used [0x00000000d7d80000,0x00000000d7d98000,0x00000000d8280000)
  to   space 5120K, 0% used [0x00000000d8280000,0x00000000d8280000,0x00000000d8780000)
 ParOldGen       total 63488K, used 5525K [0x0000000081600000, 0x0000000085400000, 0x00000000d5d00000)
  object space 63488K, 8% used [0x0000000081600000,0x0000000081b65730,0x0000000085400000)
 Metaspace       used 17267K, capacity 17720K, committed 17792K, reserved 1073152K
  class space    used 2216K, capacity 2379K, committed 2432K, reserved 1048576K
}
Event: 1.099 GC heap before
{Heap before GC invocations=10 (full 5):
 PSYoungGen      total 38400K, used 96K [0x00000000d5d00000, 0x00000000d8780000, 0x0000000100000000)
  eden space 33280K, 0% used [0x00000000d5d00000,0x00000000d5d00000,0x00000000d7d80000)
  from space 5120K, 1% used [0x00000000d7d80000,0x00000000d7d98000,0x00000000d8280000)
  to   space 5120K, 0% used [0x00000000d8280000,0x00000000d8280000,0x00000000d8780000)
 ParOldGen       total 63488K, used 5525K [0x0000000081600000, 0x0000000085400000, 0x00000000d5d00000)
  object space 63488K, 8% used [0x0000000081600000,0x0000000081b65730,0x0000000085400000)
 Metaspace       used 17267K, capacity 17720K, committed 17792K, reserved 1073152K
  class space    used 2216K, capacity 2379K, committed 2432K, reserved 1048576K
Event: 1.117 GC heap after
Heap after GC invocations=10 (full 5):
 PSYoungGen      total 38400K, used 0K [0x00000000d5d00000, 0x00000000d8780000, 0x0000000100000000)
  eden space 33280K, 0% used [0x00000000d5d00000,0x00000000d5d00000,0x00000000d7d80000)
  from space 5120K, 0% used [0x00000000d7d80000,0x00000000d7d80000,0x00000000d8280000)
  to   space 5120K, 0% used [0x00000000d8280000,0x00000000d8280000,0x00000000d8780000)
 ParOldGen       total 63488K, used 5383K [0x0000000081600000, 0x0000000085400000, 0x00000000d5d00000)
  object space 63488K, 8% used [0x0000000081600000,0x0000000081b41ce8,0x0000000085400000)
 Metaspace       used 17267K, capacity 17720K, committed 17792K, reserved 1067008K
  class space    used 2216K, capacity 2379K, committed 2432K, reserved 1048576K
}
Event: 1.117 GC heap before
{Heap before GC invocations=11 (full 5):
 PSYoungGen      total 38400K, used 0K [0x00000000d5d00000, 0x00000000d8780000, 0x0000000100000000)
  eden space 33280K, 0% used [0x00000000d5d00000,0x00000000d5d00000,0x00000000d7d80000)
  from space 5120K, 0% used [0x00000000d7d80000,0x00000000d7d80000,0x00000000d8280000)
  to   space 5120K, 0% used [0x00000000d8280000,0x00000000d8280000,0x00000000d8780000)
 ParOldGen       total 63488K, used 5383K [0x0000000081600000, 0x0000000085400000, 0x00000000d5d00000)
  object space 63488K, 8% used [0x0000000081600000,0x0000000081b41ce8,0x0000000085400000)
 Metaspace       used 17267K, capacity 17720K, committed 17792K, reserved 1071104K
  class space    used 2216K, capacity 2379K, committed 2432K, reserved 1048576K
Event: 1.117 GC heap after
Heap after GC invocations=11 (full 5):
 PSYoungGen      total 38400K, used 0K [0x00000000d5d00000, 0x00000000d8780000, 0x0000000100000000)
  eden space 33280K, 0% used [0x00000000d5d00000,0x00000000d5d00000,0x00000000d7d80000)
  from space 5120K, 0% used [0x00000000d8280000,0x00000000d8280000,0x00000000d8780000)
  to   space 5120K, 0% used [0x00000000d7d80000,0x00000000d7d80000,0x00000000d8280000)
 ParOldGen       total 63488K, used 5383K [0x0000000081600000, 0x0000000085400000, 0x00000000d5d00000)
  object space 63488K, 8% used [0x0000000081600000,0x0000000081b41ce8,0x0000000085400000)
 Metaspace       used 17267K, capacity 17720K, committed 17792K, reserved 1071104K
  class space    used 2216K, capacity 2379K, committed 2432K, reserved 1048576K
}
Event: 1.118 GC heap before
{Heap before GC invocations=12 (full 6):
 PSYoungGen      total 38400K, used 0K [0x00000000d5d00000, 0x00000000d8780000, 0x0000000100000000)
  eden space 33280K, 0% used [0x00000000d5d00000,0x00000000d5d00000,0x00000000d7d80000)
  from space 5120K, 0% used [0x00000000d8280000,0x00000000d8280000,0x00000000d8780000)
  to   space 5120K, 0% used [0x00000000d7d80000,0x00000000d7d80000,0x00000000d8280000)
 ParOldGen       total 63488K, used 5383K [0x0000000081600000, 0x0000000085400000, 0x00000000d5d00000)
  object space 63488K, 8% used [0x0000000081600000,0x0000000081b41ce8,0x0000000085400000)
 Metaspace       used 17267K, capacity 17720K, committed 17792K, reserved 1071104K
  class space    used 2216K, capacity 2379K, committed 2432K, reserved 1048576K
Event: 1.141 GC heap after
Heap after GC invocations=12 (full 6):
 PSYoungGen      total 38400K, used 0K [0x00000000d5d00000, 0x00000000d8780000, 0x0000000100000000)
  eden space 33280K, 0% used [0x00000000d5d00000,0x00000000d5d00000,0x00000000d7d80000)
  from space 5120K, 0% used [0x00000000d8280000,0x00000000d8280000,0x00000000d8780000)
  to   space 5120K, 0% used [0x00000000d7d80000,0x00000000d7d80000,0x00000000d8280000)
 ParOldGen       total 63488K, used 5382K [0x0000000081600000, 0x0000000085400000, 0x00000000d5d00000)
  object space 63488K, 8% used [0x0000000081600000,0x0000000081b418d0,0x0000000085400000)
 Metaspace       used 17267K, capacity 17720K, committed 17792K, reserved 1067008K
  class space    used 2216K, capacity 2379K, committed 2432K, reserved 1048576K
}
Event: 1.141 GC heap before
{Heap before GC invocations=13 (full 6):
 PSYoungGen      total 38400K, used 332K [0x00000000d5d00000, 0x00000000d8780000, 0x0000000100000000)
  eden space 33280K, 1% used [0x00000000d5d00000,0x00000000d5d53368,0x00000000d7d80000)
  from space 5120K, 0% used [0x00000000d8280000,0x00000000d8280000,0x00000000d8780000)
  to   space 5120K, 0% used [0x00000000d7d80000,0x00000000d7d80000,0x00000000d8280000)
 ParOldGen       total 63488K, used 5382K [0x0000000081600000, 0x0000000085400000, 0x00000000d5d00000)
  object space 63488K, 8% used [0x0000000081600000,0x0000000081b418d0,0x0000000085400000)
 Metaspace       used 17267K, capacity 17720K, committed 17792K, reserved 1073152K
  class space    used 2216K, capacity 2379K, committed 2432K, reserved 1048576K
Event: 1.142 GC heap after
Heap after GC invocations=13 (full 6):
 PSYoungGen      total 38400K, used 64K [0x00000000d5d00000, 0x00000000d8800000, 0x0000000100000000)
  eden space 33280K, 0% used [0x00000000d5d00000,0x00000000d5d00000,0x00000000d7d80000)
  from space 5120K, 1% used [0x00000000d7d80000,0x00000000d7d90000,0x00000000d8280000)
  to   space 4608K, 0% used [0x00000000d8380000,0x00000000d8380000,0x00000000d8800000)
 ParOldGen       total 63488K, used 5382K [0x0000000081600000, 0x0000000085400000, 0x00000000d5d00000)
  object space 63488K, 8% used [0x0000000081600000,0x0000000081b418d0,0x0000000085400000)
 Metaspace       used 17267K, capacity 17720K, committed 17792K, reserved 1073152K
  class space    used 2216K, capacity 2379K, committed 2432K, reserved 1048576K
}
Event: 1.142 GC heap before
{Heap before GC invocations=14 (full 7):
 PSYoungGen      total 38400K, used 64K [0x00000000d5d00000, 0x00000000d8800000, 0x0000000100000000)
  eden space 33280K, 0% used [0x00000000d5d00000,0x00000000d5d00000,0x00000000d7d80000)
  from space 5120K, 1% used [0x00000000d7d80000,0x00000000d7d90000,0x00000000d8280000)
  to   space 4608K, 0% used [0x00000000d8380000,0x00000000d8380000,0x00000000d8800000)
 ParOldGen       total 63488K, used 5382K [0x0000000081600000, 0x0000000085400000, 0x00000000d5d00000)
  object space 63488K, 8% used [0x0000000081600000,0x0000000081b418d0,0x0000000085400000)
 Metaspace       used 17267K, capacity 17720K, committed 17792K, reserved 1073152K
  class space    used 2216K, capacity 2379K, committed 2432K, reserved 1048576K

