# JRE version: Java(TM) SE Runtime Environment (8.0_101-b13) (build 1.8.0_101-b13)
# Java VM: Java HotSpot(TM) 64-Bit Server VM (25.101-b13 mixed mode windows-amd64 compressed oops)
Heap:
 PSYoungGen      total 48640K, used 34112K [0x00000000d5d00000, 0x00000000dad80000, 0x0000000100000000)
  eden space 43520K, 78% used [0x00000000d5d00000,0x00000000d7e500f8,0x00000000d8780000)
  from space 5120K, 0% used [0x00000000d8780000,0x00000000d8780000,0x00000000d8c80000)
  to   space 10752K, 0% used [0x00000000da300000,0x00000000da300000,0x00000000dad80000)
 ParOldGen       total 101888K, used 17105K [0x0000000081600000, 0x0000000087980000, 0x00000000d5d00000)
  object space 101888K, 16% used [0x0000000081600000,0x00000000826b4448,0x0000000087980000)
 Metaspace       used 43152K, capacity 44756K, committed 45056K, reserved 1087488K
  class space    used 5738K, capacity 6051K, committed 6144K, reserved 1048576K
GC Heap History (10 events):
Event: 1.382 GC heap before
{Heap before GC invocations=3 (full 1):
 PSYoungGen      total 38400K, used 5104K [0x00000000d5d00000, 0x00000000da800000, 0x0000000100000000)
  eden space 33280K, 0% used [0x00000000d5d00000,0x00000000d5d00000,0x00000000d7d80000)
  from space 5120K, 99% used [0x00000000d8280000,0x00000000d877c090,0x00000000d8780000)
  to   space 5120K, 0% used [0x00000000d7d80000,0x00000000d7d80000,0x00000000d8280000)
 ParOldGen       total 87552K, used 6358K [0x0000000081600000, 0x0000000086b80000, 0x00000000d5d00000)
  object space 87552K, 7% used [0x0000000081600000,0x0000000081c35920,0x0000000086b80000)
 Metaspace       used 20375K, capacity 21164K, committed 21248K, reserved 1067008K
  class space    used 2782K, capacity 3011K, committed 3072K, reserved 1048576K
Event: 1.412 GC heap after
Heap after GC invocations=3 (full 1):
 PSYoungGen      total 38400K, used 0K [0x00000000d5d00000, 0x00000000da800000, 0x0000000100000000)
  eden space 33280K, 0% used [0x00000000d5d00000,0x00000000d5d00000,0x00000000d7d80000)
  from space 5120K, 0% used [0x00000000d8280000,0x00000000d8280000,0x00000000d8780000)
  to   space 5120K, 0% used [0x00000000d7d80000,0x00000000d7d80000,0x00000000d8280000)
 ParOldGen       total 69120K, used 9333K [0x0000000081600000, 0x0000000085980000, 0x00000000d5d00000)
  object space 69120K, 13% used [0x0000000081600000,0x0000000081f1d578,0x0000000085980000)
 Metaspace       used 20375K, capacity 21164K, committed 21248K, reserved 1067008K
  class space    used 2782K, capacity 3011K, committed 3072K, reserved 1048576K
}
Event: 23.531 GC heap before
{Heap before GC invocations=4 (full 1):
 PSYoungGen      total 38400K, used 33280K [0x00000000d5d00000, 0x00000000da800000, 0x0000000100000000)
  eden space 33280K, 100% used [0x00000000d5d00000,0x00000000d7d80000,0x00000000d7d80000)
  from space 5120K, 0% used [0x00000000d8280000,0x00000000d8280000,0x00000000d8780000)
  to   space 5120K, 0% used [0x00000000d7d80000,0x00000000d7d80000,0x00000000d8280000)
 ParOldGen       total 69120K, used 9333K [0x0000000081600000, 0x0000000085980000, 0x00000000d5d00000)
  object space 69120K, 13% used [0x0000000081600000,0x0000000081f1d578,0x0000000085980000)
 Metaspace       used 24326K, capacity 25800K, committed 25856K, reserved 1071104K
  class space    used 3293K, capacity 3583K, committed 3584K, reserved 1048576K
Event: 23.536 GC heap after
Heap after GC invocations=4 (full 1):
 PSYoungGen      total 38400K, used 4160K [0x00000000d5d00000, 0x00000000d9180000, 0x0000000100000000)
  eden space 33280K, 0% used [0x00000000d5d00000,0x00000000d5d00000,0x00000000d7d80000)
  from space 5120K, 81% used [0x00000000d7d80000,0x00000000d8190060,0x00000000d8280000)
  to   space 5120K, 0% used [0x00000000d8c80000,0x00000000d8c80000,0x00000000d9180000)
 ParOldGen       total 69120K, used 13437K [0x0000000081600000, 0x0000000085980000, 0x00000000d5d00000)
  object space 69120K, 19% used [0x0000000081600000,0x000000008231f598,0x0000000085980000)
 Metaspace       used 24326K, capacity 25800K, committed 25856K, reserved 1071104K
  class space    used 3293K, capacity 3583K, committed 3584K, reserved 1048576K
}
Event: 25.338 GC heap before
{Heap before GC invocations=5 (full 1):
 PSYoungGen      total 38400K, used 37440K [0x00000000d5d00000, 0x00000000d9180000, 0x0000000100000000)
  eden space 33280K, 100% used [0x00000000d5d00000,0x00000000d7d80000,0x00000000d7d80000)
  from space 5120K, 81% used [0x00000000d7d80000,0x00000000d8190060,0x00000000d8280000)
  to   space 5120K, 0% used [0x00000000d8c80000,0x00000000d8c80000,0x00000000d9180000)
 ParOldGen       total 69120K, used 13437K [0x0000000081600000, 0x0000000085980000, 0x00000000d5d00000)
  object space 69120K, 19% used [0x0000000081600000,0x000000008231f598,0x0000000085980000)
 Metaspace       used 30683K, capacity 32150K, committed 32384K, reserved 1077248K
  class space    used 4171K, capacity 4460K, committed 4480K, reserved 1048576K
Event: 25.362 GC heap after
Heap after GC invocations=5 (full 1):
 PSYoungGen      total 48640K, used 5116K [0x00000000d5d00000, 0x00000000d9200000, 0x0000000100000000)
  eden space 43520K, 0% used [0x00000000d5d00000,0x00000000d5d00000,0x00000000d8780000)
  from space 5120K, 99% used [0x00000000d8c80000,0x00000000d917f148,0x00000000d9180000)
  to   space 5120K, 0% used [0x00000000d8780000,0x00000000d8780000,0x00000000d8c80000)
 ParOldGen       total 69120K, used 15984K [0x0000000081600000, 0x0000000085980000, 0x00000000d5d00000)
  object space 69120K, 23% used [0x0000000081600000,0x000000008259c1d8,0x0000000085980000)
 Metaspace       used 30683K, capacity 32150K, committed 32384K, reserved 1077248K
  class space    used 4171K, capacity 4460K, committed 4480K, reserved 1048576K
}
Event: 25.564 GC heap before
{Heap before GC invocations=6 (full 1):
 PSYoungGen      total 48640K, used 36619K [0x00000000d5d00000, 0x00000000d9200000, 0x0000000100000000)
  eden space 43520K, 72% used [0x00000000d5d00000,0x00000000d7bc3db8,0x00000000d8780000)
  from space 5120K, 99% used [0x00000000d8c80000,0x00000000d917f148,0x00000000d9180000)
  to   space 5120K, 0% used [0x00000000d8780000,0x00000000d8780000,0x00000000d8c80000)
 ParOldGen       total 69120K, used 15984K [0x0000000081600000, 0x0000000085980000, 0x00000000d5d00000)
  object space 69120K, 23% used [0x0000000081600000,0x000000008259c1d8,0x0000000085980000)
 Metaspace       used 33687K, capacity 35170K, committed 35416K, reserved 1079296K
  class space    used 4491K, capacity 4782K, committed 4864K, reserved 1048576K
Event: 25.569 GC heap after
Heap after GC invocations=6 (full 1):
 PSYoungGen      total 48640K, used 5108K [0x00000000d5d00000, 0x00000000dad80000, 0x0000000100000000)
  eden space 43520K, 0% used [0x00000000d5d00000,0x00000000d5d00000,0x00000000d8780000)
  from space 5120K, 99% used [0x00000000d8780000,0x00000000d8c7d1e0,0x00000000d8c80000)
  to   space 10752K, 0% used [0x00000000da300000,0x00000000da300000,0x00000000dad80000)
 ParOldGen       total 69120K, used 18680K [0x0000000081600000, 0x0000000085980000, 0x00000000d5d00000)
  object space 69120K, 27% used [0x0000000081600000,0x000000008283e168,0x0000000085980000)
 Metaspace       used 33687K, capacity 35170K, committed 35416K, reserved 1079296K
  class space    used 4491K, capacity 4782K, committed 4864K, reserved 1048576K
}
Event: 25.569 GC heap before
{Heap before GC invocations=7 (full 2):
 PSYoungGen      total 48640K, used 5108K [0x00000000d5d00000, 0x00000000dad80000, 0x0000000100000000)
  eden space 43520K, 0% used [0x00000000d5d00000,0x00000000d5d00000,0x00000000d8780000)
  from space 5120K, 99% used [0x00000000d8780000,0x00000000d8c7d1e0,0x00000000d8c80000)
  to   space 10752K, 0% used [0x00000000da300000,0x00000000da300000,0x00000000dad80000)
 ParOldGen       total 69120K, used 18680K [0x0000000081600000, 0x0000000085980000, 0x00000000d5d00000)
  object space 69120K, 27% used [0x0000000081600000,0x000000008283e168,0x0000000085980000)
 Metaspace       used 33687K, capacity 35170K, committed 35416K, reserved 1079296K
  class space    used 4491K, capacity 4782K, committed 4864K, reserved 1048576K
Event: 25.617 GC heap after
Heap after GC invocations=7 (full 2):
 PSYoungGen      total 48640K, used 0K [0x00000000d5d00000, 0x00000000dad80000, 0x0000000100000000)
  eden space 43520K, 0% used [0x00000000d5d00000,0x00000000d5d00000,0x00000000d8780000)
  from space 5120K, 0% used [0x00000000d8780000,0x00000000d8780000,0x00000000d8c80000)
  to   space 10752K, 0% used [0x00000000da300000,0x00000000da300000,0x00000000dad80000)
 ParOldGen       total 101888K, used 17105K [0x0000000081600000, 0x0000000087980000, 0x00000000d5d00000)
  object space 101888K, 16% used [0x0000000081600000,0x00000000826b4448,0x0000000087980000)
 Metaspace       used 33687K, capacity 35170K, committed 35416K, reserved 1079296K
  class space    used 4491K, capacity 4782K, committed 4864K, reserved 1048576K
}

